2025-01-16T05:27:08.591Z [[32minfo[39m] - This is an info message
2025-01-16T05:27:08.593Z [[33mwarn[39m] - This is a warning message
2025-01-16T05:27:08.593Z [[31merror[39m] - This is an error message
2025-01-16T05:27:08.594Z [[32minfo[39m] - User with ID 123 has logged in
2025-01-16T12:36:14.595Z [[32minfo[39m] - its working yash!
2025-01-16T12:36:14.600Z [[32minfo[39m] - User with ID 123 has logged in
2025-01-16T18:35:41.484Z [[32minfo[39m] - its working yash!
2025-01-16T18:35:41.486Z [[32minfo[39m] - User with ID 123 has logged in
2025-01-16T18:36:27.160Z [[32minfo[39m] - its working yash!
2025-01-16T18:36:27.167Z [[32minfo[39m] - User with ID 123 has logged in
2025-01-17T05:24:22.445Z [[32minfo[39m] - its working yash!
2025-01-17T05:24:22.448Z [[32minfo[39m] - User with ID 123 has logged in
2025-01-17T05:48:12.203Z [[32minfo[39m] - its working yash!
2025-01-17T05:48:12.207Z [[32minfo[39m] - User with ID 123 has logged in
2025-01-17T06:45:30.464Z [[32minfo[39m] - its working yash!
2025-01-17T06:45:30.466Z [[32minfo[39m] - User with ID 123 has logged in
2025-01-17T06:48:54.091Z [[32minfo[39m] - its working yash!
2025-01-17T06:48:54.093Z [[32minfo[39m] - User with ID 123 has logged in
2025-01-17T06:52:45.983Z [[32minfo[39m] - its working yash!
2025-01-17T06:52:45.985Z [[32minfo[39m] - User with ID 123 has logged in
2025-01-17T06:52:52.333Z [[32minfo[39m] - its working yash!
2025-01-17T06:52:52.335Z [[32minfo[39m] - User with ID 123 has logged in
2025-01-17T06:54:24.254Z [[32minfo[39m] - its working yash!
2025-01-17T06:54:24.262Z [[32minfo[39m] - User with ID 123 has logged in
2025-01-17T06:54:43.193Z [[32minfo[39m] - its working yash!
2025-01-17T06:54:43.197Z [[32minfo[39m] - User with ID 123 has logged in
